{"numFailedTestSuites":0,"numFailedTests":0,"numPassedTestSuites":1,"numPassedTests":3,"numPendingTestSuites":0,"numPendingTests":0,"numRuntimeErrorTestSuites":0,"numTodoTests":0,"numTotalTestSuites":1,"numTotalTests":3,"openHandles":[],"snapshot":{"added":0,"didUpdate":false,"failure":false,"filesAdded":0,"filesRemoved":0,"filesRemovedList":[],"filesUnmatched":0,"filesUpdated":0,"matched":0,"total":0,"unchecked":0,"uncheckedKeysByFile":[],"unmatched":0,"updated":0},"startTime":1588059222248,"success":true,"testResults":[{"assertionResults":[{"ancestorTitles":["Button Component"],"failureMessages":[],"fullName":"Button Component Contains valid className","location":null,"status":"passed","title":"Contains valid className"},{"ancestorTitles":["Button Component"],"failureMessages":[],"fullName":"Button Component Contains the button element","location":null,"status":"passed","title":"Contains the button element"},{"ancestorTitles":["Button Component"],"failureMessages":[],"fullName":"Button Component should call mock function when button is clicked","location":null,"status":"passed","title":"should call mock function when button is clicked"}],"endTime":1588059255721,"message":"","name":"D:\\React\\testing-jest\\my-app\\testing-tsapp\\src\\components\\__tests__\\Button.spec.tsx","startTime":1588059242391,"status":"passed","summary":""}],"wasInterrupted":false}