{"numFailedTestSuites":0,"numFailedTests":0,"numPassedTestSuites":1,"numPassedTests":3,"numPendingTestSuites":0,"numPendingTests":0,"numRuntimeErrorTestSuites":0,"numTodoTests":0,"numTotalTestSuites":1,"numTotalTests":3,"openHandles":[],"snapshot":{"added":0,"didUpdate":false,"failure":false,"filesAdded":0,"filesRemoved":0,"filesRemovedList":[],"filesUnmatched":0,"filesUpdated":0,"matched":0,"total":0,"unchecked":0,"uncheckedKeysByFile":[],"unmatched":0,"updated":0},"startTime":1588155547817,"success":true,"testResults":[{"assertionResults":[{"ancestorTitles":["Button Component"],"failureMessages":[],"fullName":"Button Component Contains classname","location":null,"status":"passed","title":"Contains classname"},{"ancestorTitles":["Button Component"],"failureMessages":[],"fullName":"Button Component Contains Button","location":null,"status":"passed","title":"Contains Button"},{"ancestorTitles":["Button Component"],"failureMessages":[],"fullName":"Button Component Simulate Mock Fn","location":null,"status":"passed","title":"Simulate Mock Fn"}],"endTime":1588155555915,"message":"","name":"D:\\React\\testing-jest\\my-app\\testing-tsapp\\src\\components\\__tests__\\Button.spec.tsx","startTime":1588155550612,"status":"passed","summary":""}],"wasInterrupted":false}